Removed Pin From Net: NetName=NetIC3_4 Pin=IC4-13
Removed Pin From Net: NetName=NetIC3_4 Pin=IC4-14
Added Pin To Net: NetName=NetIC3_4 Pin=IC4-1
Added Pin To Net: NetName=NetIC3_4 Pin=IC4-2
Added Pin To Net: NetName=NetIC3_5 Pin=IC3-5
Added Pin To Net: NetName=NetIC3_5 Pin=IC4-6
Added Pin To Net: NetName=NetIC3_5 Pin=IC4-7
Added Net: Name=NetIC3_5
Added Pin To Net: NetName=NetIC3_6 Pin=IC3-6
Added Pin To Net: NetName=NetIC3_6 Pin=IC4-13
Added Pin To Net: NetName=NetIC3_6 Pin=IC4-14
Added Net: Name=NetIC3_6
Added Pin To Net: NetName=NetIC3_7 Pin=IC3-7
Added Pin To Net: NetName=NetIC3_7 Pin=IC4-8
Added Pin To Net: NetName=NetIC3_7 Pin=IC4-9
Added Net: Name=NetIC3_7
Added Pin To Net: NetName=NetIC3_10 Pin=IC3-10
Added Pin To Net: NetName=NetIC3_10 Pin=Stepper_In-1
Added Net: Name=NetIC3_10
Added Pin To Net: NetName=NetIC3_11 Pin=IC3-11
Added Pin To Net: NetName=NetIC3_11 Pin=Stepper_In-2
Added Net: Name=NetIC3_11
Added Pin To Net: NetName=NetIC3_12 Pin=IC3-12
Added Pin To Net: NetName=NetIC3_12 Pin=Stepper_In-3
Added Net: Name=NetIC3_12
Added Room: Name=Controller
