make.exe all --print-data-base --no-builtin-variables --no-builtin-rules --question
# GNU Make 3.81
# Copyright (C) 2006  Free Software Foundation, Inc.
# This is free software; see the source for copying conditions.
# There is NO warranty; not even for MERCHANTABILITY or FITNESS FOR A
# PARTICULAR PURPOSE.

# This program built for i386-pc-mingw32
 

# Make data base, printed on Sat Jun 04 10:24:21 2022

# Variables

# automatic
<D = $(patsubst %/,%,$(dir $<))
# automatic
?F = $(notdir $?)
# environment
CARBON_MEM_DISABLE = 1
# makefile
MAKEFLAGS = Rrqp
# environment
VSCODE_LOG_NATIVE = false
# automatic
?D = $(patsubst %/,%,$(dir $?))
# automatic
@D = $(patsubst %/,%,$(dir $@))
# environment
HOMEDRIVE = C:
# automatic
@F = $(notdir $@)
# automatic
^D = $(patsubst %/,%,$(dir $^))
# makefile
CURDIR := e:/Automated-Safety-Stand
# default
SHELL := D:/WinAVR-20100110/utils/bin/sh.exe
# environment
WINDIR = C:\Windows
# environment
VSCODE_NLS_CONFIG = {"locale":"en-us","availableLanguages":{},"_languagePackSupport":true}
# environment
ONEDRIVE = F:\OneDrive - University of Moratuwa
# environment
QSYS_ROOTDIR = D:\intelFPGA_lite\20.1\quartus\sopc_builder\bin
# environment
PATHEXT = .COM;.EXE;.BAT;.CMD;.VBS;.VBE;.JS;.JSE;.WSF;.WSH;.MSC
# makefile
MAKEFILE_LIST := 
# environment
FPS_BROWSER_USER_PROFILE_STRING = Default
# environment
TMP = C:\Users\bimal\AppData\Local\Temp
# environment
VSCODE_VERBOSE_LOGGING = true
# environment
PROGRAMW6432 = C:\Program Files
# environment
PROGRAMDATA = C:\ProgramData
# environment
VSCODE_IPC_HOOK_EXTHOST = \\.\pipe\vscode-ipc-46a0ce09-cf3e-4f81-95d6-0d75e8b63dd6-sock
# environment
VSCODE_CWD = E:\Automated-Safety-Stand
# environment
PATH = D:\NVIDIA GPU Computing Toolkit\bin;D:\NVIDIA GPU Computing Toolkit\libnvvp;C:\Program Files (x86)\Common Files\Oracle\Java\javapath;D:\WinAVR-20100110\bin;D:\WinAVR-20100110\utils\bin;C:\Program Files\Docker\Docker\resources\bin;C:\ProgramData\DockerDesktop\version-bin;C:\Program Files\dotnet\;C:\Windows\System32\OpenSSH\;D:\Python39\;C:\Users\bimal\AppData\Local\Microsoft\WindowsApps;C:\Users\bimal\AppData\Local\atom\bin;C:\Users\bimal\AppData\Local\Programs\MiKTeX\miktex\bin\x64\;D:\ffmpeg\bin;D:\intelFPGA_lite\20.1\modelsim_ase\win32aloem;D:\JetBrains\IntelliJ IDEA 2021.1.1\bin;;D:\Microsoft VS Code\bin;C:\Users\bimal\.dotnet\tools;D:\Python39\Scripts;
# environment
COMMONPROGRAMW6432 = C:\ 
Program Files\Common Files
# environment
PROCESSOR_ARCHITECTURE = x86
# environment
USERPROFILE = C:\Users\bimal
# environment
ALLUSERSPROFILE = C:\ProgramData
# environment
AVRDUDE = D:\avrdude-6.4-mingw32
# environment
SOPC_KIT_NIOS2 = D:\intelFPGA_lite\20.1\nios2eds
# environment
VSCODE_LOG_STACK = false
# environment
NUMBER_OF_PROCESSORS = 8
# environment
ELECTRON_RUN_AS_NODE = 1
# default
.FEATURES := target-specific order-only second-expansion else-if archives
# environment
NVTOOLSEXT_PATH = C:\Program Files\NVIDIA Corporation\NvToolsExt\
# environment
INTELLIJ IDEA = D:\JetBrains\IntelliJ IDEA 2021.1.1\bin;
# automatic
%F = $(notdir $%)
# environment
CHROME_CRASHPAD_PIPE_NAME = \\.\pipe\crashpad_11488_BKXMSRLKMSIPILBL
# environment
VSCODE_PIPE_LOGGING = true
# environment
COMPUTERNAME = LAP-BIMALKA98
# environment
PROGRAMFILES = C:\Program Files (x86)
# environment
DRIVERDATA = C:\Windows\System32\Drivers\DriverData
# environment
NVCUDASAMPLES_ROOT = D:\NVIDIA Corporation
# environment
ORIGINAL_XDG_CURRENT_DESKTOP = undefined
# environment
AVR32_HOME = D:\WinAVR-20100110
# environment
USERNAME = bimal
# environment
PUBLIC = C:\Users\Public
# environment
VSCODE_AMD_ENTRYPOINT = vs/workbench/api/node/extensionHostProcess
# environment
PYTHON2_EXECUTABLE = D:\Python27
# environment
VSCODE_CODE_CACHE_PATH = C:\Users\bimal\AppData\Roaming\Code\CachedData\c3511e6c69bb39013c4a4b7b9566ec1ca73fc4d5
# environment
APPLICATION_INSIGHTS_NO_DIAGNOSTIC_CHANNEL = 1
# environment
COMMONPROGRAMFILES = C:\Program Files (x86)\Common Files
# environment
LOGONSERVER = \\LAP-BIMALKA98
# environment
VSCODE_HANDLES_UNCAUGHT_ERRORS = true
# environment
USERDOMAIN = LAP-BIMALKA98
# default
MAKE = $(MAKE_COMMAND)
# default
MAKECMDGOALS := all
# environment
QT_DEVICE_PIXEL_RATIO = auto
# environment
SBT_HOME = C:\Program Files (x86)\sbt\
# environment
JAVA_HOME = C:\Program Files\Java\jdk-16.0.2
# environment
ONEDRIVECOMMERCIAL = F:\OneDrive - University of Moratuwa
# default
MAKE_VERSION := 3.81
# makefile
.DEFAULT_GOAL := 
# environment
PROGRAMFILES(X86) = C:\Program Files (x86)
# automatic
%D = $(patsubst %/,%,$(dir $%))
# environment
LOCALAPPDATA = C:\Users\bimal\AppData\Local
# environment
PSMODULEPATH = C:\Program Files\WindowsPowerShell\Modules;C:\Windows\system32\WindowsPowerShell\v1.0\Modules;C:\Program Files (x86)\Microsoft SQL Server\120\Tools\PowerShell\Modules\
# default
MAKE_COMMAND := make.exe
# environment
PROCESSOR_ARCHITEW6432 = AMD64
# default
.VARIABLES := 
# automatic
*F = $(notdir $*)
# environment
PROCESSOR_IDENTIFIER = Intel64 Family 6 Model 158 Stepping 9, GenuineIntel
# environment
OS = Windows_NT
# environment
VSCODE_IPC_HOOK = \\.\pipe\54c2e4f1270632f36b5778ef64cdf4eb-1.67.2-main-sock
# environment
HOMEPATH = \Users\bimal
# environment
COMMONPROGRAMFILES(X86) = C:\Program Files (x86)\Common Files
# environment
PROMPT = $P$G
# environment
MFLAGS = -Rrqp
# automatic
*D = $(patsubst %/,%,$(dir $*))
# environment
PT8HOME = D:\Cisco Packet Tracer 8.0.1
# environment
SYSTEMROOT = C:\Windows
# automatic
+D = $(patsubst %/,%,$(dir $+))
# automatic
+F = $(notdir $+)
# environment
APPDATA = C:\Users\bimal\AppData\Roaming
# environment
TEMP = C:\Users\bimal\AppData\Local\Temp
# environment
COMSPEC = C:\Windows\system32\cmd.exe
# environment
NVCUDASAMPLES11_0_ROOT = D:\NVIDIA Corporation
# default
MAKEFILES := 
# environment
QUARTUS_ROOTDIR = D:\intelFPGA_lite\20.1\quartus
# automatic
<F = $(notdir $<)
# environment
LC_ALL = C
# automatic
^F = $(notdir $^)
# default
SUFFIXES := 
# environment
SYSTEMDRIVE = C:
# environment
SESSIONNAME = Console
# environment
PROCESSOR_REVISION = 9e09
# environment
MAKELEVEL := 0
# environment
LANG = C
# environment
PROCESSOR_LEVEL = 6
# environment
FPS_BROWSER_APP_PROFILE_STRING = Internet Explorer
# environment
VSCODE_PID = 11488
# environment
USERDOMAIN_ROAMINGPROFILE = LAP-BIMALKA98
# variable set hash-table stats:
# Load=104/1024=10%, Rehash=0, Collisions=9/120=8%

# Pattern-specific Variable Values

# No pattern-specific variable values.

# Directories

# . (key e:/Automated-Safety-Stand, mtime 1654314173): 11 files, no impossibilities.
# D:\NVIDIA GPU Computing Toolkit\libnvvp (key D:/NVIDIA GPU Computing Toolkit/libnvvp, mtime 1620578597): 14 files, no impossibilities.
# D:\WinAVR-20100110\bin (key D:/WinAVR-20100110/bin, mtime 1643641475): 75 files, no impossibilities.
# C:\Program Files (x86)\Common Files\Oracle\Java\javapath (key C:/Program Files (x86)/Common Files/Oracle/Java/javapath, mtime 1651805103): 5 files, no impossibilities.
# D:\WinAVR-20100110\utils\bin (key D:/WinAVR-20100110/utils/bin, mtime 1643641495): 99 files, no impossibilities so far.
# D:\NVIDIA GPU Computing Toolkit\bin (key D:/NVIDIA GPU Computing Toolkit/bin, mtime 1621971417): 44 files, no impossibilities.

# 248 files, no impossibilities in 6 directories.

# Implicit Rules

# No implicit rules.

# Files

# Not a target:
all:
#  Command-line target.
#  Implicit rule search has been done.
#  File does not exist.
#  File has not been updated.
# variable set hash-table stats:
# Load=0/32=0%, Rehash=0, Collisions=0/0=0%

# Not a target:
.DEFAULT:
#  Implicit rule search has not been done.
#  Modification time never checked.
#  File has not been updated.

# Not a target:
makefile:
#  A default, MAKEFILES, or -include/sinclude makefile.
#  Implicit rule search has been done.
#  File does not exist.
#  File has been updated.
#  Failed to be updated.
# variable set hash-table stats:
# Load=0/32=0%, Rehash=0, Collisions=0/0=0%

# Not a target:
.SUFFIXES:
#  Implicit rule search has not been done.
#  Modification time never checked.
#  File has not been updated.

# Not a target:
GNUmakefile:
#  A default, MAKEFILES, or -include/sinclude makefile.
#  Implicit rule search has been done.
#  File does not exist.
#  File has been updated.
#  Failed to be updated.
# variable set hash-table stats:
# Load=0/32=0%, Rehash=0, Collisions=0/0=0%

# files hash-table stats:
# Load=5/1024=0%, Rehash=0, Collisions=0/16=0%
# VPATH Search Paths

# No `vpath' search paths.

# No general (`VPATH' variable) search path.

# # of strings in strcache: 0
# # of strcache buffers: 0
# strcache size: total = 0 / max = 0 / min = 4096 / avg = 0
# strcache free: total = 0 / max = 0 / min = 4096 / avg = 0

# Finished Make data base on Sat Jun 04 10:24:21 2022

 
make.exe: *** No rule to make target `all'.  Stop.

